\BOOKMARK [1][-]{section*.1}{\376\377\004\022\004\101\004\102\004\103\004\077}{}% 1
\BOOKMARK [1][-]{section.1}{\376\377\004\037\004\076\004\101\004\102\004\060\004\075\004\076\004\062\004\072\004\060\000\040\004\067\004\060\004\064\004\060\004\107\004\126}{}% 2
\BOOKMARK [1][-]{section.2}{\376\377\004\037\004\076\004\100\004\126\004\062\004\075\004\117\004\075\004\075\004\117\000\040\004\074\004\060\004\110\004\070\004\075\004\075\004\076\004\063\004\076\000\040\004\102\004\060\000\040\004\101\004\102\004\060\004\102\004\070\004\101\004\102\004\070\004\107\004\075\004\076\004\063\004\076\000\040\004\075\004\060\004\062\004\107\004\060\004\075\004\075\004\117}{}% 3
\BOOKMARK [1][-]{section.3}{\376\377\004\036\004\106\004\126\004\075\004\072\004\060\000\040\004\104\004\103\004\075\004\072\004\106\004\126\004\127\000\040\000f}{}% 4
\BOOKMARK [1][-]{section.4}{\376\377\004\032\004\060\004\102\004\065\004\063\004\076\004\100\004\070\004\067\004\060\004\106\004\126\004\117\000\040\004\074\004\065\004\102\004\076\004\064\004\126\004\062\000\040\004\075\004\060\004\062\004\107\004\060\004\075\004\075\004\117}{}% 5
\BOOKMARK [2][-]{subsection.4.1}{\376\377\004\027\004\060\004\064\004\060\004\107\004\126\000\040\004\100\004\065\004\063\004\100\004\065\004\101\004\126\004\127\000\040\004\102\004\060\000\040\004\067\004\060\004\064\004\060\004\107\004\126\000\040\004\072\004\073\004\060\004\101\004\070\004\104\004\126\004\072\004\060\004\106\004\126\004\127}{section.4}% 6
\BOOKMARK [2][-]{subsection.4.2}{\376\377\004\033\004\126\004\075\004\126\004\071\004\075\004\126\000\040\004\102\004\060\000\040\004\075\004\065\004\073\004\126\004\075\004\126\004\071\004\075\004\126\000\040\004\074\004\065\004\102\004\076\004\064\004\070}{section.4}% 7
\BOOKMARK [2][-]{subsection.4.3}{\376\377\004\037\004\060\004\100\004\060\004\074\004\065\004\102\004\100\004\070\004\107\004\075\004\126\000\040\004\102\004\060\000\040\004\075\004\065\004\077\004\060\004\100\004\060\004\074\004\065\004\102\004\100\004\070\004\107\004\075\004\126\000\040\004\074\004\065\004\102\004\076\004\064\004\070}{section.4}% 8
\BOOKMARK [2][-]{subsection.4.4}{\376\377\004\035\004\060\004\062\004\107\004\060\004\075\004\075\004\117\000\040\004\067\000\040\004\075\004\060\004\063\004\073\004\117\004\064\004\076\004\074\000\040\004\102\004\060\000\040\004\061\004\065\004\067\000\040\004\075\004\060\004\063\004\073\004\117\004\064\004\103}{section.4}% 9
\BOOKMARK [1][-]{section.5}{\376\377\004\036\004\106\004\126\004\075\004\072\004\060\000\040\004\117\004\072\004\076\004\101\004\102\004\126\000\040\004\074\004\065\004\102\004\076\004\064\004\126\004\062}{}% 10
\BOOKMARK [2][-]{subsection.5.1}{\376\377\004\041\004\065\004\100\004\065\004\064\004\075\004\117\000\040\004\072\004\062\004\060\004\064\004\100\004\060\004\102\004\070\004\107\004\075\004\060\000\040\004\077\004\076\004\105\004\070\004\061\004\072\004\060\000\040\000\050\000M\000S\000E\000\051}{section.5}% 11
\BOOKMARK [2][-]{subsection.5.2}{\376\377\004\032\004\076\004\074\004\077\004\100\004\076\004\074\004\126\004\101\000\040\004\067\004\101\004\103\004\062\004\103\000\040\004\102\004\060\000\040\004\064\004\070\004\101\004\077\004\065\004\100\004\101\004\126\004\127}{section.5}% 12
\BOOKMARK [2][-]{subsection.5.3}{\376\377\004\035\004\060\004\073\004\060\004\110\004\102\004\103\004\062\004\060\004\075\004\075\004\117\000\040\004\072\004\073\004\060\004\101\004\070\004\104\004\126\004\072\004\060\004\106\004\126\004\127}{section.5}% 13
\BOOKMARK [2][-]{subsection.5.4}{\376\377\004\037\004\065\004\100\004\065\004\105\004\100\004\065\004\101\004\075\004\060\000\040\004\077\004\065\004\100\004\065\004\062\004\126\004\100\004\072\004\060\000\040\000\050\000C\000r\000o\000s\000s\000\040\000v\000a\000l\000i\000d\000a\000t\000i\000o\000n\000\051}{section.5}% 14
\BOOKMARK [2][-]{subsection.5.5}{\376\377\004\037\004\065\004\100\004\065\004\105\004\100\004\065\004\101\004\075\004\060\000\040\004\077\004\065\004\100\004\065\004\062\004\126\004\100\004\072\004\060\000\040\000L\000e\000a\000v\000e\000\040\000O\000n\000e\000\040\000O\000u\000t}{section.5}% 15
\BOOKMARK [2][-]{subsection.5.6}{\376\377\004\037\004\065\004\100\004\065\004\105\004\100\004\065\004\101\004\075\004\060\000\040\004\077\004\065\004\100\004\065\004\062\004\126\004\100\004\072\004\060\000\040\000K\000\040\000F\000o\000l\000d}{section.5}% 16
\BOOKMARK [1][-]{section.6}{\376\377\004\042\004\100\004\065\004\075\004\103\004\062\004\060\004\075\004\075\004\117\000\040\004\126\000\040\004\076\004\106\004\126\004\075\004\072\004\060\000\040\004\074\004\065\004\102\004\076\004\064\004\126\004\062}{}% 17
\BOOKMARK [2][-]{subsection.6.1}{\376\377\004\036\004\106\004\126\004\075\004\072\004\060\000\040\004\064\004\060\004\102\004\060\004\101\004\065\004\102\004\103}{section.6}% 18
\BOOKMARK [2][-]{subsection.6.2}{\376\377\004\036\004\106\004\126\004\075\004\072\004\060\000\040\004\074\004\065\004\102\004\076\004\064\004\126\004\062}{section.6}% 19
\BOOKMARK [1][-]{section.7}{\376\377\004\022\004\070\004\101\004\075\004\076\004\062\004\076\004\072}{}% 20
